 Entering Game::Initialize block

 Entering ::xmlLoader first pass block

 Entering ::loading "setup/Models.me_setup" block

[ResourceManager::Add] Script manager: adding "setup/Models.me_setup" (setup/Models.me_setup).

 Entering ::loading "setup/setup.me_setup" block

[ResourceManager::Add] Script manager: adding "setup/setup.me_setup" (setup/setup.me_setup).

 Entering ::loading "setup/common.me_setup" block

[ResourceManager::Add] Script manager: adding "setup/common.me_setup" (../common/setup/common.me_setup).

 Entering Game::AddExtension "../../../extensions/Debug/MERendererDX11.dll" block

 Entering WindowsOS::CreateExtention( "../../../extensions/Debug/MERendererDX11.dll" ) block

 Entering Extension::Create( "../../../extensions/Debug/MERendererDX11.dll" ) block

 Entering MELoader block

 Entering ::loading "setup/ext_Dae.me_setup" block

[ResourceManager::Add] Script manager: adding "setup/ext_Dae.me_setup" (setup/ext_Dae.me_setup).

 Entering ::loading "setup/ext_Ase.me_setup" block

[ResourceManager::Add] Script manager: adding "setup/ext_Ase.me_setup" (setup/ext_Ase.me_setup).

 Entering ::loading "setup/ext_MEEditor.me_setup" block

[ResourceManager::Add] Script manager: adding "setup/ext_MEEditor.me_setup" (setup/ext_MEEditor.me_setup).

 Entering ::loading "setup/Controls.me_setup" block

[ResourceManager::Add] Script manager: adding "setup/Controls.me_setup" (../common/setup/Controls.me_setup).

 Entering ::loading "setup/ext_MEShapes.me_setup" block

[ResourceManager::Add] Script manager: adding "setup/ext_MEShapes.me_setup" (../common/setup/ext_MEShapes.me_setup).

 Entering ::xmlLoader second pass block

[Game::Initialize ::xmlLoader second pass ] loading "setup/Models.me_setup"

[Game::Initialize ::xmlLoader second pass ] loading "setup/setup.me_setup"

[Game::Initialize ::xmlLoader second pass ] loading "setup/common.me_setup"

 Entering DefaultDebug block

[Game::Initialize ::xmlLoader second pass ] Log file: log_Debug.log

[Game::Initialize ::xmlLoader second pass ] loading "setup/ext_Dae.me_setup"

[Game::Initialize ::xmlLoader second pass ] loading "setup/ext_Ase.me_setup"

[Game::Initialize ::xmlLoader second pass ] loading "setup/ext_MEEditor.me_setup"

[Game::Initialize ::xmlLoader second pass ] loading "setup/Controls.me_setup"

[Game::Initialize ::xmlLoader second pass ] loading "setup/ext_MEShapes.me_setup"

[Game::Initialize ] program: C:/dev/MercuryTests/02tests_feature/../output/v140_Debug/02Test12 - Large Geo Instancing/02Test12 - Large Geo Instancing.exe

[Game::Initialize ] path:    C:\dev\MercuryTests\Data\DX11/

[Game::Initialize ] time:    Tue Sep 17 08:58:16 2019


[Game::Initialize ] Loading setup "setup/Models.me_setup"...

[Game::Initialize ] Loading setup "setup/setup.me_setup"...

[Game::Initialize ] Loading setup "setup/common.me_setup"...

[Game::Initialize ] Loading setup "setup/ext_Dae.me_setup"...

 Entering Game::AddExtension "../../../extensions/Debug/MEDAELoader.dll" block

 Entering WindowsOS::CreateExtention( "../../../extensions/Debug/MEDAELoader.dll" ) block

 Entering Extension::Create( "../../../extensions/Debug/MEDAELoader.dll" ) block

 Entering MELoader block

[ResourceManager::Add] PixelShader manager: adding "ColorAmbient" (../DX11/shaders/ColorAmbient.me_shader).

[ResourceManager::Add] VertexShader manager: adding "ColorAmbient" (../DX11/shaders/ColorAmbient.me_shader).

[ResourceManager::Add] PixelShader manager: adding "TextureAmbient" (../DX11/shaders/TextureAmbient.me_shader).

[ResourceManager::Add] VertexShader manager: adding "TextureAmbient" (../DX11/shaders/TextureAmbient.me_shader).

[Game::Initialize ] Loading setup "setup/ext_Ase.me_setup"...

 Entering Game::AddExtension "../../../extensions/Debug/MEASELoader.dll" block

 Entering WindowsOS::CreateExtention( "../../../extensions/Debug/MEASELoader.dll" ) block

 Entering Extension::Create( "../../../extensions/Debug/MEASELoader.dll" ) block

 Entering MELoader block

[Game::Initialize ] Loading setup "setup/ext_MEEditor.me_setup"...

 Entering Game::AddExtension "../../../extensions/Debug/MEEditor.dll" block

 Entering WindowsOS::CreateExtention( "../../../extensions/Debug/MEEditor.dll" ) block

 Entering Extension::Create( "../../../extensions/Debug/MEEditor.dll" ) block

 Entering MELoader block

[Game::Initialize ] Loading setup "setup/Controls.me_setup"...

[Game::Initialize ] Add input actions (failures = 1)

[Game::Initialize ] Loading setup "setup/ext_MEShapes.me_setup"...

 Entering Game::AddExtension "../../../extensions/Debug/MEShapes.dll" block

 Entering WindowsOS::CreateExtention( "../../../extensions/Debug/MEShapes.dll" ) block

 Entering Extension::Create( "../../../extensions/Debug/MEShapes.dll" ) block

 Entering MELoader block

[Game::Initialize ] GameComponent summary...

[Game::Initialize ] SceneManager

[Game::Initialize ] ActionFactory

[Game::Initialize ] ActionsGameComponent

 Entering OS Startup block

 Entering ::Game Components OnBeforeStartup block

 Entering ::SceneManager block

 Entering ::ActionFactory block

 Entering ::ActionsGameComponent block

 Entering ::Startup block

 Entering ::OnAfterStartup block

 Entering ::SceneManager block

 Entering ::ActionFactory block

 Entering ::ActionsGameComponent block

[Game::Initialize ] total startup time: 1.993141s

[Game::Initialize ] Adding user specified scenes.

 Entering ::Changing starting scene. block

 Entering Scene::ChangeScene block

 Entering ::Component_OnBeforeStart( "main") block

[Game::Initialize ::Changing starting scene. Scene::ChangeScene ::Component_OnBeforeStart( "main") ] Starting scene "main" Begin

 Entering Scene::OnBeforeStart block

 Entering ::Component "ObjectAllocatorComponent block

[Game::Initialize ::Changing starting scene. Scene::ChangeScene ::Component_OnBeforeStart( "main") Scene::OnBeforeStart ::Component "ObjectAllocatorComponent ] enabled

 Entering ::OnStart block

[Game::Initialize ::Changing starting scene. Scene::ChangeScene ::OnStart ] OnStart Begin

 Entering Scene::AddResources(resources/Standard.me_res) block

[ResourceManager::Add] Effect manager: adding "ColorSimple" (../DX11/shaders/ColorSimple.me_effect).

 Entering EffectFactories::Produce(../DX11/shaders/ColorSimple.me_effect) block

[ResourceManager::Add] PixelShader manager: adding "ColorSimple" (../DX11/shaders/ColorSimple.me_shader).

[ResourceManager::Add] VertexShader manager: adding "ColorSimple" (../DX11/shaders/ColorSimple.me_shader).

[ResourceManager::Add] Effect manager: adding "TextureSimple" (../DX11/shaders/TextureSimple.me_effect).

 Entering EffectFactories::Produce(../DX11/shaders/TextureSimple.me_effect) block

[ResourceManager::Add] PixelShader manager: adding "TextureSimple" (../DX11/shaders/TextureSimple.me_shader).

[ResourceManager::Add] VertexShader manager: adding "TextureSimple" (../DX11/shaders/TextureSimple.me_shader).

[ResourceManager::Add] Texture manager: adding "Test" (../common/images/heart01.png).

[ResourceManager::Add] Effect manager: adding "TextureAndColor" (../DX11/shaders/TextureAndColor.me_effect).

 Entering EffectFactories::Produce(../DX11/shaders/TextureAndColor.me_effect) block

[ResourceManager::Add] PixelShader manager: adding "TextureAndColor" (../DX11/shaders/TextureAndColor.me_shader).

[ResourceManager::Add] VertexShader manager: adding "TextureAndColor" (../DX11/shaders/TextureAndColor.me_shader).

[ResourceManager::Add] Effect manager: adding "FourColors" (../DX11/shaders/FourColors.me_effect).

 Entering EffectFactories::Produce(../DX11/shaders/FourColors.me_effect) block

[ResourceManager::Add] Texture manager: adding "4" (../common/images/4.bmp).

[ResourceManager::Add] Effect manager: adding "ColorAmbient" (../DX11/shaders/ColorAmbient.me_effect).

 Entering EffectFactories::Produce(../DX11/shaders/ColorAmbient.me_effect) block

[ResourceManager::Add] Effect manager: adding "TextureAmbient" (../DX11/shaders/TextureAmbient.me_effect).

 Entering EffectFactories::Produce(../DX11/shaders/TextureAmbient.me_effect) block

[ResourceManager::Add] Effect manager: adding "ColorAmbientInstanced" (../DX11/shaders/ColorAmbientInstanced.me_effect).

 Entering EffectFactories::Produce(../DX11/shaders/ColorAmbientInstanced.me_effect) block

[ResourceManager::Add] PixelShader manager: adding "ColorAmbientInstanced" (../DX11/shaders/ColorAmbientInstanced.me_shader).

[ResourceManager::Add] VertexShader manager: adding "ColorAmbientInstanced" (../DX11/shaders/ColorAmbientInstanced.me_shader).

 Entering Scene::AddResources(resources/TestTextures.me_res) block

[ResourceManager::Add] Effect manager: adding "font2" (../DX11/shaders/font2.me_effect).

 Entering EffectFactories::Produce(../DX11/shaders/font2.me_effect) block

[ResourceManager::Add] PixelShader manager: adding "TextureTransparency2D" (../DX11/shaders/TextureTransparency2D.me_shader).

[ResourceManager::Add] VertexShader manager: adding "TextureTransparency2D" (../DX11/shaders/TextureTransparency2D.me_shader).

[ResourceManager::Add] Texture manager: adding "font2" (../common/images/font2.png).

[Game::Initialize ::Changing starting scene. Scene::ChangeScene ::OnStart ] OnStart End

 Entering ::Component_OnAfterStart( "main") block

 Entering Scene::OnAfterStart block

[Game::Initialize ::Changing starting scene. Scene::ChangeScene ::Component_OnAfterStart( "main") Scene::OnAfterStart ] Component "ObjectAllocatorComponent" OnAfterStart Begin

[Game::Initialize ::Changing starting scene. Scene::ChangeScene ::Component_OnAfterStart( "main") Scene::OnAfterStart ] Component "ObjectAllocatorComponent" OnAfterStart Done

[Game::Initialize ::Changing starting scene. Scene::ChangeScene ::Component_OnAfterStart( "main") Scene::OnAfterStart ] Component "CanvasComponent" OnAfterStart Begin

[Game::Initialize ::Changing starting scene. Scene::ChangeScene ::Component_OnAfterStart( "main") Scene::OnAfterStart ] Component "CanvasComponent" OnAfterStart Done

[Game::Initialize ::Changing starting scene. Scene::ChangeScene ::Component_OnAfterStart( "main") ] Start scene "main" Done

